1560169871502	geckodriver	INFO	geckodriver 0.19.1
1560169871513	geckodriver	INFO	Listening on 127.0.0.1:56615
1560169872878	mozrunner::runner	INFO	Running command: "/Applications/Firefox.app/Contents/MacOS/firefox-bin" "-marionette" "-headless" "-profile" "/var/folders/07/s3rnl0cs4gn8qzwt3c9zh6lc0000gn/T/rust_mozprofile.ibPs0mpUQPac"
*** You are running in headless mode.
1560169873780	addons.webextension.screenshots@mozilla.org	WARN	Loading extension 'screenshots@mozilla.org': Reading manifest: Invalid extension permission: mozillaAddons
1560169873780	addons.webextension.screenshots@mozilla.org	WARN	Loading extension 'screenshots@mozilla.org': Reading manifest: Invalid extension permission: resource://pdf.js/
1560169873780	addons.webextension.screenshots@mozilla.org	WARN	Loading extension 'screenshots@mozilla.org': Reading manifest: Invalid extension permission: about:reader*
1560169873947	Marionette	TRACE	Received observer notification profile-after-change
1560169874140	Marionette	TRACE	Received observer notification command-line-startup
1560169874140	Marionette	TRACE	Received observer notification nsPref:changed
1560169874141	Marionette	DEBUG	Init aborted (running=false, enabled=true, finalUIStartup=false)
1560169874484	Marionette	TRACE	Received observer notification toplevel-window-ready
1560169876419	Marionette	TRACE	Received observer notification marionette-startup-requested
1560169876420	Marionette	TRACE	Waiting until startup recorder finished recording startup scripts...
1560169876428	Marionette	TRACE	All scripts recorded.
1560169876429	Marionette	DEBUG	Setting recommended pref app.update.disabledForTesting to true
1560169876429	Marionette	DEBUG	Setting recommended pref browser.contentblocking.introCount to 99
1560169876430	Marionette	DEBUG	Setting recommended pref datareporting.policy.dataSubmissionPolicyAccepted to false
1560169876430	Marionette	DEBUG	Setting recommended pref dom.disable_beforeunload to true
1560169876430	Marionette	DEBUG	Setting recommended pref security.certerrors.mitm.priming.enabled to false
1560169876430	Marionette	DEBUG	Setting recommended pref toolkit.cosmeticAnimations.enabled to false
1560169876527	Marionette	INFO	Listening on port 56626
1560169876527	Marionette	DEBUG	Remote service is active
1560169876618	Marionette	DEBUG	Accepted connection 0 from 127.0.0.1:56707
1560169876621	Marionette	DEBUG	0 -> [0,1,"newSession",{"acceptInsecureCerts":true,"browserName":"firefox","capabilities":{"desiredCapabilities":{"acceptInsecureCerts":true,"browserName":"firefox"}}}]
1560169876622	Marionette	DEBUG	0 <- [1,1,{"error":"unknown command","message":"newSession","stacktrace":"WebDriverError@chrome://marionette/content/error.js:179: ... t@chrome://marionette/content/server.js:236:9\n_onJSONObjectReady/<@chrome://marionette/content/transport.js:492:20\n"},null]
Exiting due to channel error.
Exiting due to channel error.
[GFX1-]: Receive IPC close with reason=AbnormalShutdown
Exiting due to channel error.
1560169985658	geckodriver	INFO	geckodriver 0.19.1
1560169985668	geckodriver	INFO	Listening on 127.0.0.1:56903
1560169987008	mozrunner::runner	INFO	Running command: "/Applications/Firefox.app/Contents/MacOS/firefox-bin" "-marionette" "-headless" "-profile" "/var/folders/07/s3rnl0cs4gn8qzwt3c9zh6lc0000gn/T/rust_mozprofile.RAKopVTumlgQ"
*** You are running in headless mode.
1560169987691	addons.webextension.screenshots@mozilla.org	WARN	Loading extension 'screenshots@mozilla.org': Reading manifest: Invalid extension permission: mozillaAddons
1560169987691	addons.webextension.screenshots@mozilla.org	WARN	Loading extension 'screenshots@mozilla.org': Reading manifest: Invalid extension permission: resource://pdf.js/
1560169987691	addons.webextension.screenshots@mozilla.org	WARN	Loading extension 'screenshots@mozilla.org': Reading manifest: Invalid extension permission: about:reader*
1560169987844	Marionette	TRACE	Received observer notification profile-after-change
1560169987999	Marionette	TRACE	Received observer notification command-line-startup
1560169987999	Marionette	TRACE	Received observer notification nsPref:changed
1560169987999	Marionette	DEBUG	Init aborted (running=false, enabled=true, finalUIStartup=false)
1560169988383	Marionette	TRACE	Received observer notification toplevel-window-ready
1560169990246	Marionette	TRACE	Received observer notification marionette-startup-requested
1560169990246	Marionette	TRACE	Waiting until startup recorder finished recording startup scripts...
1560169990260	Marionette	TRACE	All scripts recorded.
1560169990261	Marionette	DEBUG	Setting recommended pref app.update.disabledForTesting to true
1560169990261	Marionette	DEBUG	Setting recommended pref browser.contentblocking.introCount to 99
1560169990262	Marionette	DEBUG	Setting recommended pref datareporting.policy.dataSubmissionPolicyAccepted to false
1560169990263	Marionette	DEBUG	Setting recommended pref dom.disable_beforeunload to true
1560169990263	Marionette	DEBUG	Setting recommended pref security.certerrors.mitm.priming.enabled to false
1560169990264	Marionette	DEBUG	Setting recommended pref toolkit.cosmeticAnimations.enabled to false
1560169990357	Marionette	INFO	Listening on port 56915
1560169990357	Marionette	DEBUG	Remote service is active
1560169990395	Marionette	DEBUG	Accepted connection 0 from 127.0.0.1:56991
1560169990398	Marionette	DEBUG	0 -> [0,1,"newSession",{"acceptInsecureCerts":true,"browserName":"firefox","capabilities":{"desiredCapabilities":{"acceptInsecureCerts":true,"browserName":"firefox"}}}]
1560169990399	Marionette	DEBUG	0 <- [1,1,{"error":"unknown command","message":"newSession","stacktrace":"WebDriverError@chrome://marionette/content/error.js:179: ... t@chrome://marionette/content/server.js:236:9\n_onJSONObjectReady/<@chrome://marionette/content/transport.js:492:20\n"},null]
Exiting due to channel error.
[GFX1-]: Receive IPC close with reason=AbnormalShutdown
Exiting due to channel error.
[GFX1-]: Receive IPC close with reason=AbnormalShutdown
Exiting due to channel error.
1560170117888	mozrunner::runner	INFO	Running command: "/Applications/Firefox.app/Contents/MacOS/firefox-bin" "-marionette" "-headless" "-foreground" "-no-remote" "-profile" "/var/folders/07/s3rnl0cs4gn8qzwt3c9zh6lc0000gn/T/rust_mozprofile.LomPrpu92hWt"
*** You are running in headless mode.
1560170118503	addons.webextension.screenshots@mozilla.org	WARN	Loading extension 'screenshots@mozilla.org': Reading manifest: Invalid extension permission: mozillaAddons
1560170118504	addons.webextension.screenshots@mozilla.org	WARN	Loading extension 'screenshots@mozilla.org': Reading manifest: Invalid extension permission: resource://pdf.js/
1560170118504	addons.webextension.screenshots@mozilla.org	WARN	Loading extension 'screenshots@mozilla.org': Reading manifest: Invalid extension permission: about:reader*
1560170120706	Marionette	INFO	Listening on port 57160
1560170120792	Marionette	WARN	TLS certificate errors will be ignored for this session
JavaScript error: http://192.168.0.223:9000/static/js/gauge.min.js, line 1: TypeError: this.canvas is null
JavaScript error: http://192.168.0.223:9000/static/js/gauge.min.js, line 1: TypeError: this.canvas is null
JavaScript error: http://192.168.0.223:9000/static/js/gauge.min.js, line 1: TypeError: this.canvas is null
JavaScript error: http://192.168.0.223:9000/static/js/gauge.min.js, line 1: TypeError: this.canvas is null
JavaScript error: http://192.168.0.223:9000/static/js/gauge.min.js, line 1: TypeError: this.canvas is null
JavaScript error: http://192.168.0.223:9000/static/js/gauge.min.js, line 1: TypeError: this.canvas is null
JavaScript error: http://192.168.0.223:9000/static/js/gauge.min.js, line 1: TypeError: this.canvas is null
JavaScript error: http://192.168.0.223:9000/static/js/gauge.min.js, line 1: TypeError: this.canvas is null
JavaScript error: http://192.168.0.223:9000/static/js/gauge.min.js, line 1: TypeError: this.canvas is null
JavaScript error: http://192.168.0.223:9000/static/js/gauge.min.js, line 1: TypeError: this.canvas is null
JavaScript error: http://192.168.0.223:9000/static/js/gauge.min.js, line 1: TypeError: this.canvas is null
JavaScript error: http://192.168.0.223:9000/static/js/gauge.min.js, line 1: TypeError: this.canvas is null
1560170529406	mozrunner::runner	INFO	Running command: "/Applications/Firefox.app/Contents/MacOS/firefox-bin" "-marionette" "-headless" "-foreground" "-no-remote" "-profile" "/var/folders/07/s3rnl0cs4gn8qzwt3c9zh6lc0000gn/T/rust_mozprofile.3f32r1aRmoSx"
*** You are running in headless mode.
1560170530089	addons.webextension.screenshots@mozilla.org	WARN	Loading extension 'screenshots@mozilla.org': Reading manifest: Invalid extension permission: mozillaAddons
1560170530090	addons.webextension.screenshots@mozilla.org	WARN	Loading extension 'screenshots@mozilla.org': Reading manifest: Invalid extension permission: resource://pdf.js/
1560170530090	addons.webextension.screenshots@mozilla.org	WARN	Loading extension 'screenshots@mozilla.org': Reading manifest: Invalid extension permission: about:reader*
1560170532473	Marionette	INFO	Listening on port 57542
1560170532546	Marionette	WARN	TLS certificate errors will be ignored for this session
JavaScript error: http://192.168.0.223:9000/static/js/gauge.min.js, line 1: TypeError: this.canvas is null
[GFX1-]: Receive IPC close with reason=AbnormalShutdown
[Child 11213, Chrome_ChildThread] WARNING: pipe error: Broken pipe: file /builds/worker/workspace/build/src/ipc/chromium/src/chrome/common/ipc_channel_posix.cc, line 726
Exiting due to channel error.
Exiting due to channel error.
[GFX1-]: Receive IPC close with reason=AbnormalShutdown
Exiting due to channel error.
console.error: BroadcastService: 
  receivedBroadcastMessage: handler for
  remote-settings/monitor_changes
  threw error:
  Message: Error: Polling for changes failed: http://%(server)s/dummy/blocklist//buckets/monitor/collections/changes/records?_expected=%221559865839282%22 is not a valid URL..
  Stack:
    remoteSettingsFunction/remoteSettings.pollChanges@resource://services-settings/remote-settings.js:203:13

1560170824375	mozrunner::runner	INFO	Running command: "/Applications/Firefox.app/Contents/MacOS/firefox-bin" "-marionette" "-headless" "-foreground" "-no-remote" "-profile" "/var/folders/07/s3rnl0cs4gn8qzwt3c9zh6lc0000gn/T/rust_mozprofile.cfpRwXGSVYOa"
*** You are running in headless mode.
1560170825162	addons.webextension.screenshots@mozilla.org	WARN	Loading extension 'screenshots@mozilla.org': Reading manifest: Invalid extension permission: mozillaAddons
1560170825173	addons.webextension.screenshots@mozilla.org	WARN	Loading extension 'screenshots@mozilla.org': Reading manifest: Invalid extension permission: resource://pdf.js/
1560170825189	addons.webextension.screenshots@mozilla.org	WARN	Loading extension 'screenshots@mozilla.org': Reading manifest: Invalid extension permission: about:reader*
1560170828034	Marionette	INFO	Listening on port 57821
1560170828092	Marionette	WARN	TLS certificate errors will be ignored for this session
JavaScript error: http://192.168.0.223:9000/static/js/gauge.min.js, line 1: TypeError: this.canvas is null
JavaScript error: http://192.168.0.223:9000/static/js/gauge.min.js, line 1: TypeError: this.canvas is null
JavaScript error: http://192.168.0.223:9000/static/js/gauge.min.js, line 1: TypeError: this.canvas is null
JavaScript error: http://192.168.0.223:9000/static/js/gauge.min.js, line 1: TypeError: this.canvas is null
JavaScript error: http://192.168.0.223:9000/static/js/gauge.min.js, line 1: TypeError: this.canvas is null
JavaScript error: http://192.168.0.223:9000/static/js/gauge.min.js, line 1: TypeError: this.canvas is null
JavaScript error: http://192.168.0.223:9000/static/js/gauge.min.js, line 1: TypeError: this.canvas is null
JavaScript error: http://192.168.0.223:9000/static/js/gauge.min.js, line 1: TypeError: this.canvas is null
JavaScript error: http://192.168.0.223:9000/static/js/gauge.min.js, line 1: TypeError: this.canvas is null
JavaScript error: http://192.168.0.223:9000/static/js/gauge.min.js, line 1: TypeError: this.canvas is null
JavaScript error: http://192.168.0.223:9000/static/js/gauge.min.js, line 1: TypeError: this.canvas is null
JavaScript error: http://192.168.0.223:9000/static/js/gauge.min.js, line 1: TypeError: this.canvas is null
1560170951623	mozrunner::runner	INFO	Running command: "/Applications/Firefox.app/Contents/MacOS/firefox-bin" "-marionette" "-headless" "-foreground" "-no-remote" "-profile" "/var/folders/07/s3rnl0cs4gn8qzwt3c9zh6lc0000gn/T/rust_mozprofile.iz0jxzOtjjSr"
*** You are running in headless mode.
1560170952331	addons.webextension.screenshots@mozilla.org	WARN	Loading extension 'screenshots@mozilla.org': Reading manifest: Invalid extension permission: mozillaAddons
1560170952332	addons.webextension.screenshots@mozilla.org	WARN	Loading extension 'screenshots@mozilla.org': Reading manifest: Invalid extension permission: resource://pdf.js/
1560170952332	addons.webextension.screenshots@mozilla.org	WARN	Loading extension 'screenshots@mozilla.org': Reading manifest: Invalid extension permission: about:reader*
1560170954653	Marionette	INFO	Listening on port 57981
1560170954718	Marionette	WARN	TLS certificate errors will be ignored for this session
JavaScript error: http://192.168.0.223:9000/static/js/gauge.min.js, line 1: TypeError: this.canvas is null
JavaScript error: http://192.168.0.223:9000/static/js/gauge.min.js, line 1: TypeError: this.canvas is null
JavaScript error: http://192.168.0.223:9000/static/js/gauge.min.js, line 1: TypeError: this.canvas is null
JavaScript error: http://192.168.0.223:9000/static/js/gauge.min.js, line 1: TypeError: this.canvas is null
JavaScript error: http://192.168.0.223:9000/static/js/gauge.min.js, line 1: TypeError: this.canvas is null
console.error: BroadcastService: 
  receivedBroadcastMessage: handler for
  remote-settings/monitor_changes
  threw error:
  Message: Error: Polling for changes failed: http://%(server)s/dummy/blocklist//buckets/monitor/collections/changes/records?_expected=%221559865839282%22 is not a valid URL..
  Stack:
    remoteSettingsFunction/remoteSettings.pollChanges@resource://services-settings/remote-settings.js:203:13

console.error: BroadcastService: 
  receivedBroadcastMessage: handler for
  remote-settings/monitor_changes
  threw error:
  Message: Error: Polling for changes failed: http://%(server)s/dummy/blocklist//buckets/monitor/collections/changes/records?_expected=%221559865839282%22 is not a valid URL..
  Stack:
    remoteSettingsFunction/remoteSettings.pollChanges@resource://services-settings/remote-settings.js:203:13

JavaScript error: http://192.168.0.223:9000/static/js/gauge.min.js, line 1: TypeError: this.canvas is null
JavaScript error: http://192.168.0.223:9000/static/js/gauge.min.js, line 1: TypeError: this.canvas is null
JavaScript error: http://192.168.0.223:9000/static/js/gauge.min.js, line 1: TypeError: this.canvas is null
JavaScript error: http://192.168.0.223:9000/static/js/gauge.min.js, line 1: TypeError: this.canvas is null
JavaScript error: http://192.168.0.223:9000/static/js/gauge.min.js, line 1: TypeError: this.canvas is null
JavaScript error: http://192.168.0.223:9000/static/js/gauge.min.js, line 1: TypeError: this.canvas is null
JavaScript error: http://192.168.0.223:9000/static/js/gauge.min.js, line 1: TypeError: this.canvas is null
console.error: BroadcastService: 
  receivedBroadcastMessage: handler for
  remote-settings/monitor_changes
  threw error:
  Message: Error: Polling for changes failed: http://%(server)s/dummy/blocklist//buckets/monitor/collections/changes/records?_expected=%221560124875107%22 is not a valid URL..
  Stack:
    remoteSettingsFunction/remoteSettings.pollChanges@resource://services-settings/remote-settings.js:203:13

console.error: BroadcastService: 
  receivedBroadcastMessage: handler for
  remote-settings/monitor_changes
  threw error:
  Message: Error: Polling for changes failed: http://%(server)s/dummy/blocklist//buckets/monitor/collections/changes/records?_expected=%221560124875107%22 is not a valid URL..
  Stack:
    remoteSettingsFunction/remoteSettings.pollChanges@resource://services-settings/remote-settings.js:203:13

console.error: BroadcastService: 
  receivedBroadcastMessage: handler for
  remote-settings/monitor_changes
  threw error:
  Message: Error: Polling for changes failed: http://%(server)s/dummy/blocklist//buckets/monitor/collections/changes/records?_expected=%221560124875107%22 is not a valid URL..
  Stack:
    remoteSettingsFunction/remoteSettings.pollChanges@resource://services-settings/remote-settings.js:203:13

1560217748216	mozrunner::runner	INFO	Running command: "/Applications/Firefox.app/Contents/MacOS/firefox-bin" "-marionette" "-headless" "-foreground" "-no-remote" "-profile" "/var/folders/07/s3rnl0cs4gn8qzwt3c9zh6lc0000gn/T/rust_mozprofile.0pj6tjYzx2W2"
*** You are running in headless mode.
1560217749180	addons.webextension.screenshots@mozilla.org	WARN	Loading extension 'screenshots@mozilla.org': Reading manifest: Invalid extension permission: mozillaAddons
1560217749180	addons.webextension.screenshots@mozilla.org	WARN	Loading extension 'screenshots@mozilla.org': Reading manifest: Invalid extension permission: resource://pdf.js/
1560217749181	addons.webextension.screenshots@mozilla.org	WARN	Loading extension 'screenshots@mozilla.org': Reading manifest: Invalid extension permission: about:reader*
1560217752190	Marionette	INFO	Listening on port 54418
1560217752276	Marionette	WARN	TLS certificate errors will be ignored for this session
JavaScript error: http://192.168.1.7:9000/static/js/gauge.min.js, line 1: TypeError: this.canvas is null
JavaScript error: http://192.168.1.7:9000/static/js/gauge.min.js, line 1: TypeError: this.canvas is null
JavaScript error: http://192.168.1.7:9000/static/js/gauge.min.js, line 1: TypeError: this.canvas is null
console.error: BroadcastService: 
  receivedBroadcastMessage: handler for
  remote-settings/monitor_changes
  threw error:
  Message: Error: Polling for changes failed: http://%(server)s/dummy/blocklist//buckets/monitor/collections/changes/records?_expected=%221560206791251%22 is not a valid URL..
  Stack:
    remoteSettingsFunction/remoteSettings.pollChanges@resource://services-settings/remote-settings.js:203:13

JavaScript error: http://192.168.1.7:9000/static/js/gauge.min.js, line 1: TypeError: this.canvas is null
JavaScript error: http://192.168.1.7:9000/static/js/gauge.min.js, line 1: TypeError: this.canvas is null
JavaScript error: http://192.168.1.7:9000/static/js/gauge.min.js, line 1: TypeError: this.canvas is null
JavaScript error: http://192.168.1.7:9000/static/js/gauge.min.js, line 1: TypeError: this.canvas is null
JavaScript error: http://192.168.1.7:9000/static/js/gauge.min.js, line 1: TypeError: this.canvas is null
JavaScript error: http://192.168.1.7:9000/static/js/gauge.min.js, line 1: TypeError: this.canvas is null
JavaScript error: http://192.168.1.7:9000/static/js/gauge.min.js, line 1: TypeError: this.canvas is null
JavaScript error: http://192.168.1.7:9000/static/js/gauge.min.js, line 1: TypeError: this.canvas is null
JavaScript error: http://192.168.1.7:9000/static/js/gauge.min.js, line 1: TypeError: this.canvas is null
JavaScript warning: https://assets.adobedtm.com/659ec8ada5450db95675e43beaaae92399591a11/satelliteLib-46e65db5bb0c375f8f64619be31cc9b29acf4867.js, line 29: Error: WebGL warning: <SetDimensions>: Can't use WebGL in headless mode (https://bugzil.la/1375585).
JavaScript warning: https://assets.adobedtm.com/659ec8ada5450db95675e43beaaae92399591a11/satelliteLib-46e65db5bb0c375f8f64619be31cc9b29acf4867.js, line 29: Error: WebGL warning: <SetDimensions>: Failed to create WebGL context: WebGL creation failed: 
* Can't use WebGL in headless mode (https://bugzil.la/1375585).
JavaScript warning: https://assets.adobedtm.com/659ec8ada5450db95675e43beaaae92399591a11/satelliteLib-46e65db5bb0c375f8f64619be31cc9b29acf4867.js, line 29: Error: WebGL warning: <SetDimensions>: Can't use WebGL in headless mode (https://bugzil.la/1375585).
JavaScript warning: https://assets.adobedtm.com/659ec8ada5450db95675e43beaaae92399591a11/satelliteLib-46e65db5bb0c375f8f64619be31cc9b29acf4867.js, line 29: Error: WebGL warning: <SetDimensions>: Failed to create WebGL context: WebGL creation failed: 
* Can't use WebGL in headless mode (https://bugzil.la/1375585).
JavaScript warning: https://assets.adobedtm.com/659ec8ada5450db95675e43beaaae92399591a11/satelliteLib-46e65db5bb0c375f8f64619be31cc9b29acf4867.js, line 29: Error: WebGL warning: <SetDimensions>: Can't use WebGL in headless mode (https://bugzil.la/1375585).
JavaScript warning: https://assets.adobedtm.com/659ec8ada5450db95675e43beaaae92399591a11/satelliteLib-46e65db5bb0c375f8f64619be31cc9b29acf4867.js, line 29: Error: WebGL warning: <SetDimensions>: Failed to create WebGL context: WebGL creation failed: 
* Can't use WebGL in headless mode (https://bugzil.la/1375585).
JavaScript warning: https://assets.adobedtm.com/659ec8ada5450db95675e43beaaae92399591a11/satelliteLib-46e65db5bb0c375f8f64619be31cc9b29acf4867.js, line 29: Error: WebGL warning: <SetDimensions>: Can't use WebGL in headless mode (https://bugzil.la/1375585).
JavaScript warning: https://assets.adobedtm.com/659ec8ada5450db95675e43beaaae92399591a11/satelliteLib-46e65db5bb0c375f8f64619be31cc9b29acf4867.js, line 29: Error: WebGL warning: <SetDimensions>: Failed to create WebGL context: WebGL creation failed: 
* Can't use WebGL in headless mode (https://bugzil.la/1375585).
JavaScript warning: https://d9.flashtalking.com/d9core, line 1: Error: WebGL warning: <SetDimensions>: Can't use WebGL in headless mode (https://bugzil.la/1375585).
JavaScript warning: https://d9.flashtalking.com/d9core, line 1: Error: WebGL warning: <SetDimensions>: Failed to create WebGL context: WebGL creation failed: 
* Can't use WebGL in headless mode (https://bugzil.la/1375585).
JavaScript warning: https://d9.flashtalking.com/d9core, line 1: Error: WebGL warning: <SetDimensions>: Can't use WebGL in headless mode (https://bugzil.la/1375585).
JavaScript warning: https://d9.flashtalking.com/d9core, line 1: Error: WebGL warning: <SetDimensions>: Failed to create WebGL context: WebGL creation failed: 
* Can't use WebGL in headless mode (https://bugzil.la/1375585).
JavaScript warning: https://d9.flashtalking.com/d9core, line 1: Error: WebGL warning: <SetDimensions>: Can't use WebGL in headless mode (https://bugzil.la/1375585).
JavaScript warning: https://d9.flashtalking.com/d9core, line 1: Error: WebGL warning: <SetDimensions>: Failed to create WebGL context: WebGL creation failed: 
* Can't use WebGL in headless mode (https://bugzil.la/1375585).
JavaScript warning: https://d9.flashtalking.com/d9core, line 1: Error: WebGL warning: <SetDimensions>: Can't use WebGL in headless mode (https://bugzil.la/1375585).
JavaScript warning: https://d9.flashtalking.com/d9core, line 1: Error: WebGL warning: <SetDimensions>: Failed to create WebGL context: WebGL creation failed: 
* Can't use WebGL in headless mode (https://bugzil.la/1375585).
JavaScript warning: https://d9.flashtalking.com/d9core, line 1: Error: WebGL warning: <SetDimensions>: Can't use WebGL in headless mode (https://bugzil.la/1375585).
JavaScript warning: https://d9.flashtalking.com/d9core, line 1: Error: WebGL warning: <SetDimensions>: Failed to create WebGL context: WebGL creation failed: 
* Can't use WebGL in headless mode (https://bugzil.la/1375585).
JavaScript warning: https://d9.flashtalking.com/d9core, line 1: Error: WebGL warning: <SetDimensions>: Can't use WebGL in headless mode (https://bugzil.la/1375585).
JavaScript warning: https://d9.flashtalking.com/d9core, line 1: Error: WebGL warning: <SetDimensions>: Failed to create WebGL context: WebGL creation failed: 
* Can't use WebGL in headless mode (https://bugzil.la/1375585).
JavaScript warning: https://d9.flashtalking.com/d9core, line 1: Error: WebGL warning: <SetDimensions>: Can't use WebGL in headless mode (https://bugzil.la/1375585).
JavaScript warning: https://d9.flashtalking.com/d9core, line 1: Error: WebGL warning: <SetDimensions>: Failed to create WebGL context: WebGL creation failed: 
* Can't use WebGL in headless mode (https://bugzil.la/1375585).
JavaScript warning: https://d9.flashtalking.com/d9core, line 1: Error: WebGL warning: <SetDimensions>: Can't use WebGL in headless mode (https://bugzil.la/1375585).
JavaScript warning: https://d9.flashtalking.com/d9core, line 1: Error: WebGL warning: <SetDimensions>: Failed to create WebGL context: WebGL creation failed: 
* Can't use WebGL in headless mode (https://bugzil.la/1375585).
JavaScript warning: https://d9.flashtalking.com/d9core, line 1: Error: WebGL warning: <SetDimensions>: Can't use WebGL in headless mode (https://bugzil.la/1375585).
JavaScript warning: https://d9.flashtalking.com/d9core, line 1: Error: WebGL warning: <SetDimensions>: Failed to create WebGL context: WebGL creation failed: 
* Can't use WebGL in headless mode (https://bugzil.la/1375585).
JavaScript warning: https://d9.flashtalking.com/d9core, line 1: Error: WebGL warning: <SetDimensions>: Can't use WebGL in headless mode (https://bugzil.la/1375585).
JavaScript warning: https://d9.flashtalking.com/d9core, line 1: Error: WebGL warning: <SetDimensions>: Failed to create WebGL context: WebGL creation failed: 
* Can't use WebGL in headless mode (https://bugzil.la/1375585).
JavaScript warning: https://d9.flashtalking.com/d9core, line 1: Error: WebGL warning: <SetDimensions>: Can't use WebGL in headless mode (https://bugzil.la/1375585).
JavaScript warning: https://d9.flashtalking.com/d9core, line 1: Error: WebGL warning: <SetDimensions>: Failed to create WebGL context: WebGL creation failed: 
* Can't use WebGL in headless mode (https://bugzil.la/1375585).
JavaScript warning: https://d9.flashtalking.com/d9core, line 1: Error: WebGL warning: <SetDimensions>: Can't use WebGL in headless mode (https://bugzil.la/1375585).
JavaScript warning: https://d9.flashtalking.com/d9core, line 1: Error: WebGL warning: <SetDimensions>: Failed to create WebGL context: WebGL creation failed: 
* Can't use WebGL in headless mode (https://bugzil.la/1375585).
JavaScript error: , line 0: uncaught exception: UnknownError
JavaScript error: , line 0: uncaught exception: UnknownError
JavaScript error: , line 0: uncaught exception: UnknownError
JavaScript error: , line 0: uncaught exception: UnknownError
JavaScript error: , line 0: uncaught exception: UnknownError
JavaScript error: , line 0: uncaught exception: UnknownError
Exiting due to channel error.
[GFX1-]: Receive IPC close with reason=AbnormalShutdown
[GFX1-]: Receive IPC close with reason=AbnormalShutdown
Exiting due to channel error.
[GFX1-]: Receive IPC close with reason=AbnormalShutdown
Exiting due to channel error.
Exiting due to channel error.
Exiting due to channel error.
Exiting due to channel error.
[GFX1-]: Receive IPC close with reason=AbnormalShutdown
Exiting due to channel error.
[GFX1-]: Receive IPC close with reason=AbnormalShutdown
Exiting due to channel error.
Exiting due to channel error.
Exiting due to channel error.
Exiting due to channel error.
Exiting due to channel error.
Exiting due to channel error.
Exiting due to channel error.
